<?xml version="1.0" encoding="UTF-8"?>
<testng-results ignored="0" total="1" passed="1" failed="0" skipped="0">
  <reporter-output>
  </reporter-output>
  <suite started-at="2022-03-04T15:08:19 GMT-05:00" name="Default suite" finished-at="2022-03-04T15:08:24 GMT-05:00" duration-ms="5068">
    <groups>
    </groups>
    <test started-at="2022-03-04T15:08:19 GMT-05:00" name="Default test" finished-at="2022-03-04T15:08:24 GMT-05:00" duration-ms="5068">
      <class name="com.restapi.testcases.UpdateClass">
        <test-method is-config="true" signature="updateList()[pri:0, instance:com.restapi.testcases.UpdateClass@419c5f1a]" started-at="2022-03-04T15:08:19 GMT-05:00" name="updateList" finished-at="2022-03-04T15:08:24 GMT-05:00" duration-ms="4953" status="PASS">
          <reporter-output>
          </reporter-output>
        </test-method> <!-- updateList -->
        <test-method signature="checkResponseBody()[pri:0, instance:com.restapi.testcases.UpdateClass@419c5f1a]" started-at="2022-03-04T15:08:24 GMT-05:00" name="checkResponseBody" finished-at="2022-03-04T15:08:24 GMT-05:00" duration-ms="60" status="PASS">
          <reporter-output>
          </reporter-output>
        </test-method> <!-- checkResponseBody -->
      </class> <!-- com.restapi.testcases.UpdateClass -->
    </test> <!-- Default test -->
  </suite> <!-- Default suite -->
</testng-results>
