<?xml version="1.0" encoding="UTF-8"?>
<testng-results ignored="0" total="1" passed="1" failed="0" skipped="0">
  <reporter-output>
  </reporter-output>
  <suite started-at="2022-03-03T10:22:59 GMT-05:00" name="Default suite" finished-at="2022-03-03T10:23:02 GMT-05:00" duration-ms="3307">
    <groups>
    </groups>
    <test started-at="2022-03-03T10:22:59 GMT-05:00" name="Default test" finished-at="2022-03-03T10:23:02 GMT-05:00" duration-ms="3307">
      <class name="apiPackage.GetRequest">
        <test-method signature="getDetails()[pri:0, instance:apiPackage.GetRequest@1fe20588]" started-at="2022-03-03T10:22:59 GMT-05:00" name="getDetails" finished-at="2022-03-03T10:23:02 GMT-05:00" duration-ms="3253" status="PASS">
          <reporter-output>
          </reporter-output>
        </test-method> <!-- getDetails -->
      </class> <!-- apiPackage.GetRequest -->
    </test> <!-- Default test -->
  </suite> <!-- Default suite -->
</testng-results>
